[    0.000000] Initializing cgroup subsys cpuset
[    0.000000] Initializing cgroup subsys cpu
[    0.000000] Initializing cgroup subsys cpuacct
[    0.000000] Linux version 4.4.0-130-generic (buildd@lgw01-amd64-039) (gcc version 5.4.0 20160609 (Ubuntu 5.4.0-6ubuntu1~16.04.9) ) #156-Ubuntu SMP Thu Jun 14 08:53:28 UTC 2018 (Ubuntu 4.4.0-130.156-generic 4.4.134)
[    0.000000] Command line: BOOT_IMAGE=/boot/vmlinuz-4.4.0-130-generic root=UUID=2ee7d6fa-e656-40b5-89e5-042755616b92 ro console=tty1 console=ttyS0
[    0.000000] KERNEL supported cpus:
[    0.000000]   Intel GenuineIntel
[    0.000000]   AMD AuthenticAMD
[    0.000000]   Centaur CentaurHauls
[    0.000000] x86/fpu: xstate_offset[2]:  576, xstate_sizes[2]:  256
[    0.000000] x86/fpu: Supporting XSAVE feature 0x01: 'x87 floating point registers'
[    0.000000] x86/fpu: Supporting XSAVE feature 0x02: 'SSE registers'
[    0.000000] x86/fpu: Supporting XSAVE feature 0x04: 'AVX registers'
[    0.000000] x86/fpu: Enabled xstate features 0x7, context size is 832 bytes, using 'standard' format.
[    0.000000] x86/fpu: Using 'eager' FPU context switches.
[    0.000000] e820: BIOS-provided physical RAM map:
[    0.000000] BIOS-e820: [mem 0x0000000000000000-0x000000000009fbff] usable
[    0.000000] BIOS-e820: [mem 0x000000000009fc00-0x000000000009ffff] reserved
[    0.000000] BIOS-e820: [mem 0x00000000000f0000-0x00000000000fffff] reserved
[    0.000000] BIOS-e820: [mem 0x0000000000100000-0x000000003ffeffff] usable
[    0.000000] BIOS-e820: [mem 0x000000003fff0000-0x000000003fffffff] ACPI data
[    0.000000] BIOS-e820: [mem 0x00000000fec00000-0x00000000fec00fff] reserved
[    0.000000] BIOS-e820: [mem 0x00000000fee00000-0x00000000fee00fff] reserved
[    0.000000] BIOS-e820: [mem 0x00000000fffc0000-0x00000000ffffffff] reserved
[    0.000000] NX (Execute Disable) protection: active
[    0.000000] SMBIOS 2.5 present.
[    0.000000] Hypervisor detected: KVM
[    0.000000] e820: last_pfn = 0x3fff0 max_arch_pfn = 0x400000000
[    0.000000] MTRR: Disabled
[    0.000000] x86/PAT: MTRRs disabled, skipping PAT initialization too.
[    0.000000] CPU MTRRs all blank - virtualized system.
[    0.000000] x86/PAT: Configuration [0-7]: WB  WT  UC- UC  WB  WT  UC- UC  
[    0.000000] found SMP MP-table at [mem 0x0009fff0-0x0009ffff] mapped at [ffff88000009fff0]
[    0.000000] Scanning 1 areas for low memory corruption
[    0.000000] RAMDISK: [mem 0x361f2000-0x370f0fff]
[    0.000000] ACPI: Early table checksum verification disabled
[    0.000000] ACPI: RSDP 0x00000000000E0000 000024 (v02 VBOX  )
[    0.000000] ACPI: XSDT 0x000000003FFF0030 00003C (v01 VBOX   VBOXXSDT 00000001 ASL  00000061)
[    0.000000] ACPI: FACP 0x000000003FFF00F0 0000F4 (v04 VBOX   VBOXFACP 00000001 ASL  00000061)
[    0.000000] ACPI: DSDT 0x000000003FFF0470 0021FF (v02 VBOX   VBOXBIOS 00000002 INTL 20100528)
[    0.000000] ACPI: FACS 0x000000003FFF0200 000040
[    0.000000] ACPI: FACS 0x000000003FFF0200 000040
[    0.000000] ACPI: APIC 0x000000003FFF0240 00005C (v02 VBOX   VBOXAPIC 00000001 ASL  00000061)
[    0.000000] ACPI: SSDT 0x000000003FFF02A0 0001CC (v01 VBOX   VBOXCPUT 00000002 INTL 20100528)
[    0.000000] No NUMA configuration found
[    0.000000] Faking a node at [mem 0x0000000000000000-0x000000003ffeffff]
[    0.000000] NODE_DATA(0) allocated [mem 0x3ffeb000-0x3ffeffff]
[    0.000000] kvm-clock: Using msrs 4b564d01 and 4b564d00
[    0.000000] kvm-clock: cpu 0, msr 0:3ffe3001, primary cpu clock
[    0.000000] kvm-clock: using sched offset of 3586555121 cycles
[    0.000000] clocksource: kvm-clock: mask: 0xffffffffffffffff max_cycles: 0x1cd42e4dffb, max_idle_ns: 881590591483 ns
[    0.000000] Zone ranges:
[    0.000000]   DMA      [mem 0x0000000000001000-0x0000000000ffffff]
[    0.000000]   DMA32    [mem 0x0000000001000000-0x000000003ffeffff]
[    0.000000]   Normal   empty
[    0.000000]   Device   empty
[    0.000000] Movable zone start for each node
[    0.000000] Early memory node ranges
[    0.000000]   node   0: [mem 0x0000000000001000-0x000000000009efff]
[    0.000000]   node   0: [mem 0x0000000000100000-0x000000003ffeffff]
[    0.000000] Initmem setup node 0 [mem 0x0000000000001000-0x000000003ffeffff]
[    0.000000] ACPI: PM-Timer IO Port: 0x4008
[    0.000000] IOAPIC[0]: apic_id 2, version 32, address 0xfec00000, GSI 0-23
[    0.000000] ACPI: INT_SRC_OVR (bus 0 bus_irq 0 global_irq 2 dfl dfl)
[    0.000000] ACPI: INT_SRC_OVR (bus 0 bus_irq 9 global_irq 9 high level)
[    0.000000] Using ACPI (MADT) for SMP configuration information
[    0.000000] smpboot: Allowing 2 CPUs, 0 hotplug CPUs
[    0.000000] PM: Registered nosave memory: [mem 0x00000000-0x00000fff]
[    0.000000] PM: Registered nosave memory: [mem 0x0009f000-0x0009ffff]
[    0.000000] PM: Registered nosave memory: [mem 0x000a0000-0x000effff]
[    0.000000] PM: Registered nosave memory: [mem 0x000f0000-0x000fffff]
[    0.000000] e820: [mem 0x40000000-0xfebfffff] available for PCI devices
[    0.000000] Booting paravirtualized kernel on KVM
[    0.000000] clocksource: refined-jiffies: mask: 0xffffffff max_cycles: 0xffffffff, max_idle_ns: 7645519600211568 ns
[    0.000000] setup_percpu: NR_CPUS:512 nr_cpumask_bits:512 nr_cpu_ids:2 nr_node_ids:1
[    0.000000] PERCPU: Embedded 34 pages/cpu @ffff88003fc00000 s99544 r8192 d31528 u1048576
[    0.000000] PV qspinlock hash table entries: 256 (order: 0, 4096 bytes)
[    0.000000] Built 1 zonelists in Node order, mobility grouping on.  Total pages: 257912
[    0.000000] Policy zone: DMA32
[    0.000000] Kernel command line: BOOT_IMAGE=/boot/vmlinuz-4.4.0-130-generic root=UUID=2ee7d6fa-e656-40b5-89e5-042755616b92 ro console=tty1 console=ttyS0
[    0.000000] PID hash table entries: 4096 (order: 3, 32768 bytes)
[    0.000000] Memory: 997160K/1048120K available (8546K kernel code, 1313K rwdata, 4000K rodata, 1516K init, 1316K bss, 50960K reserved, 0K cma-reserved)
[    0.000000] SLUB: HWalign=64, Order=0-3, MinObjects=0, CPUs=2, Nodes=1
[    0.000000] Kernel/User page tables isolation: enabled
[    0.000000] Hierarchical RCU implementation.
[    0.000000] 	Build-time adjustment of leaf fanout to 64.
[    0.000000] 	RCU restricting CPUs from NR_CPUS=512 to nr_cpu_ids=2.
[    0.000000] RCU: Adjusting geometry for rcu_fanout_leaf=64, nr_cpu_ids=2
[    0.000000] NR_IRQS:33024 nr_irqs:440 16
[    0.000000] Console: colour VGA+ 80x25
[    0.000000] console [tty1] enabled
[    0.000000] console [ttyS0] enabled
[    0.000000] tsc: Detected 2712.006 MHz processor
[   19.036310] Calibrating delay loop (skipped) preset value.. 5424.01 BogoMIPS (lpj=10848024)
[   19.297318] pid_max: default: 32768 minimum: 301
[   19.440653] ACPI: Core revision 20150930
[   19.567113] ACPI: 2 ACPI AML tables successfully acquired and loaded
[   19.754016] Security Framework initialized
[   19.877111] Yama: becoming mindful.
[   19.988666] AppArmor: AppArmor initialized
[   20.114318] Dentry cache hash table entries: 131072 (order: 8, 1048576 bytes)
[   20.338572] Inode-cache hash table entries: 65536 (order: 7, 524288 bytes)
[   20.555303] Mount-cache hash table entries: 2048 (order: 2, 16384 bytes)
[   20.776210] Mountpoint-cache hash table entries: 2048 (order: 2, 16384 bytes)
[   21.008365] Initializing cgroup subsys io
[   21.122120] Initializing cgroup subsys memory
[   21.264632] Initializing cgroup subsys devices
[   21.405027] Initializing cgroup subsys freezer
[   21.545619] Initializing cgroup subsys net_cls
[   21.686173] Initializing cgroup subsys perf_event
[   21.838672] Initializing cgroup subsys net_prio
[   21.988131] Initializing cgroup subsys hugetlb
[   22.133140] Initializing cgroup subsys pids
[   22.269166] CPU: Physical Processor ID: 0
[   22.398151] CPU: Processor Core ID: 0
[   22.521622] mce: CPU supports 0 MCE banks
[   22.653209] Last level iTLB entries: 4KB 128, 2MB 8, 4MB 8
[   22.832698] Last level dTLB entries: 4KB 64, 2MB 0, 4MB 0, 1GB 4
[   23.034148] Spectre V2 : Mitigation: Full generic retpoline
[   23.208137] Spectre V2 : Speculation control IBPB not-supported IBRS not-supported
[   23.428688] Spectre V2 : Filling RSB on context switch
[   23.597140] Speculative Store Bypass: Vulnerable
[   23.746026] Freeing SMP alternatives memory: 32K
[   23.903349] ftrace: allocating 32245 entries in 126 pages
[   24.132991] smpboot: APIC(0) Converting physical 0 to logical package 0
[   24.328362] smpboot: Max logical packages: 1
[   24.471406] x2apic enabled
[   24.560301] Switched APIC routing to physical x2apic.
[   24.728750] ..TIMER: vector=0x30 apic1=0 pin1=2 apic2=-1 pin2=-1
[   25.032862] smpboot: CPU0: Intel(R) Core(TM) i5-6400 CPU @ 2.70GHz (family: 0x6, model: 0x5e, stepping: 0x3)
[   25.337108] Performance Events: unsupported p6 CPU model 94 no PMU driver, software events only.
[   25.606336] KVM setup paravirtual spinlock
[   25.743293] x86: Booting SMP configuration:
[   25.870617] .... node  #0, CPUs:      #1
[   25.991003] kvm-clock: cpu 1, msr 0:3ffe3041, secondary cpu clock
[   26.193200] mce: CPU supports 0 MCE banks
[   26.327300] x86: Booted up 1 node, 2 CPUs
[   26.456306] smpboot: Total of 2 processors activated (10848.02 BogoMIPS)
[   26.671710] devtmpfs: initialized
[   26.777884] evm: security.selinux
[   26.874076] evm: security.SMACK64
[   26.976129] evm: security.SMACK64EXEC
[   27.086063] evm: security.SMACK64TRANSMUTE
[   27.218584] evm: security.SMACK64MMAP
[   27.333079] evm: security.ima
[   27.422557] evm: security.capability
[   27.525067] clocksource: jiffies: mask: 0xffffffff max_cycles: 0xffffffff, max_idle_ns: 7645041785100000 ns
[   27.838452] futex hash table entries: 512 (order: 3, 32768 bytes)
[   28.033333] pinctrl core: initialized pinctrl subsystem
[   28.198352] RTC time:  1:58:26, date: 07/19/18
[   28.327821] NET: Registered protocol family 16
[   28.478363] cpuidle: using governor ladder
[   28.593739] cpuidle: using governor menu
[   28.711598] PCCT header not found.
[   28.805128] ACPI: bus type PCI registered
[   28.918089] acpiphp: ACPI Hot Plug PCI Controller Driver version: 0.5
[   29.125744] PCI: Using configuration type 1 for base access
[   29.309919] ACPI: Added _OSI(Module Device)
[   29.433599] ACPI: Added _OSI(Processor Device)
[   29.583618] ACPI: Added _OSI(3.0 _SCP Extensions)
[   29.718093] ACPI: Added _OSI(Processor Aggregator Device)
[   29.893863] ACPI: Executed 1 blocks of module-level executable AML code
[   30.093063] ACPI: Interpreter enabled
[   30.207144] ACPI: (supports S0 S5)
[   30.316603] ACPI: Using IOAPIC for interrupt routing
[   30.480323] PCI: Using host bridge windows from ACPI; if necessary, use "pci=nocrs" and report a bug
[   30.765389] ACPI: PCI Root Bridge [PCI0] (domain 0000 [bus 00-ff])
[   30.957654] acpi PNP0A03:00: _OSC: OS supports [ASPM ClockPM Segments MSI]
[   31.186244] acpi PNP0A03:00: _OSC: not requesting OS control; OS requires [ExtendedConfig ASPM ClockPM MSI]
[   31.509443] acpi PNP0A03:00: fail to add MMCONFIG information, can't access extended PCI configuration space under this bridge.
[   31.893275] PCI host bridge to bus 0000:00
[   32.033572] pci_bus 0000:00: root bus resource [io  0x0000-0x0cf7 window]
[   32.259644] pci_bus 0000:00: root bus resource [io  0x0d00-0xffff window]
[   32.485650] pci_bus 0000:00: root bus resource [mem 0x000a0000-0x000bffff window]
[   32.737374] pci_bus 0000:00: root bus resource [mem 0x40000000-0xffdfffff window]
[   32.976403] pci_bus 0000:00: root bus resource [bus 00-ff]
[   33.162746] pci 0000:00:01.1: legacy IDE quirk: reg 0x10: [io  0x01f0-0x01f7]
[   33.390151] pci 0000:00:01.1: legacy IDE quirk: reg 0x14: [io  0x03f6]
[   33.615359] pci 0000:00:01.1: legacy IDE quirk: reg 0x18: [io  0x0170-0x0177]
[   33.850147] pci 0000:00:01.1: legacy IDE quirk: reg 0x1c: [io  0x0376]
[   34.075161] pci 0000:00:07.0: quirk: [io  0x4000-0x403f] claimed by PIIX4 ACPI
[   34.308854] pci 0000:00:07.0: quirk: [io  0x4100-0x410f] claimed by PIIX4 SMB
[   34.546386] ACPI: PCI Interrupt Link [LNKA] (IRQs 5 9 10 *11)
[   34.713280] ACPI: PCI Interrupt Link [LNKB] (IRQs 5 9 10 *11)
[   34.876618] ACPI: PCI Interrupt Link [LNKC] (IRQs 5 9 *10 11)
[   35.033736] ACPI: PCI Interrupt Link [LNKD] (IRQs 5 *9 10 11)
[   35.204767] ACPI: Enabled 2 GPEs in block 00 to 07
[   35.347218] vgaarb: setting as boot device: PCI:0000:00:02.0
[   35.537589] vgaarb: device added: PCI:0000:00:02.0,decodes=io+mem,owns=io+mem,locks=none
[   35.798888] vgaarb: loaded
[   35.884084] vgaarb: bridge control possible 0000:00:02.0
[   36.048924] SCSI subsystem initialized
[   36.173829] ACPI: bus type USB registered
[   36.306109] usbcore: registered new interface driver usbfs
[   36.484633] usbcore: registered new interface driver hub
[   36.661631] usbcore: registered new device driver usb
[   36.827443] PCI: Using ACPI for IRQ routing
[   36.961350] NetLabel: Initializing
[   37.074585] NetLabel:  domain hash size = 128
[   37.215579] NetLabel:  protocols = UNLABELED CIPSOv4
[   37.381601] NetLabel:  unlabeled traffic allowed by default
[   37.567278] amd_nb: Cannot enumerate AMD northbridges
[   37.729185] clocksource: Switched to clocksource kvm-clock
[   37.914022] AppArmor: AppArmor Filesystem Enabled
[   38.070688] pnp: PnP ACPI init
[   38.179370] pnp: PnP ACPI: found 3 devices
[   38.330942] clocksource: acpi_pm: mask: 0xffffff max_cycles: 0xffffff, max_idle_ns: 2085701024 ns
[   38.635483] NET: Registered protocol family 2
[   38.787256] TCP established hash table entries: 8192 (order: 4, 65536 bytes)
[   39.025253] TCP bind hash table entries: 8192 (order: 5, 131072 bytes)
[   39.239179] TCP: Hash tables configured (established 8192 bind 8192)
[   39.458783] UDP hash table entries: 512 (order: 2, 16384 bytes)
[   39.662134] UDP-Lite hash table entries: 512 (order: 2, 16384 bytes)
[   39.880659] NET: Registered protocol family 1
[   40.027106] pci 0000:00:00.0: Limiting direct PCI/PCI transfers
[   40.228936] pci 0000:00:01.0: Activating ISA DMA hang workarounds
[   40.442358] Unpacking initramfs...
[   40.764917] Freeing initrd memory: 15356K
[   40.901657] platform rtc_cmos: registered platform RTC device (no PNP device found)
[   41.169946] Scanning for low memory corruption every 60 seconds
[   41.361866] audit: initializing netlink subsys (disabled)
[   41.539133] audit: type=2000 audit(1531965488.339:1): initialized
[   41.752365] Initialise system trusted keyring
[   41.901614] tsc: Refined TSC clocksource calibration: 2713.023 MHz
[   41.909790] HugeTLB registered 2 MB page size, pre-allocated 0 pages
[   41.911011] zbud: loaded
[   41.911356] VFS: Disk quotas dquot_6.6.0
[   41.911379] VFS: Dquot-cache hash table entries: 512 (order 0, 4096 bytes)
[   41.911574] squashfs: version 4.0 (2009/01/31) Phillip Lougher
[   42.125704] fuse init (API version 7.23)
[   42.125844] Key type big_key registered
[   42.125865] Allocating IMA MOK and blacklist keyrings.
[   42.126047] Key type asymmetric registered
[   42.126049] Asymmetric key parser 'x509' registered
[   42.126077] Block layer SCSI generic (bsg) driver version 0.4 loaded (major 249)
[   42.126092] io scheduler noop registered
[   42.126094] io scheduler deadline registered (default)
[   42.126117] io scheduler cfq registered
[   42.126257] pci_hotplug: PCI Hot Plug PCI Core version: 0.5
[   42.126262] pciehp: PCI Express Hot Plug Controller Driver version: 0.4
[   42.126380] ACPI: AC Adapter [AC] (on-line)
[   42.126424] input: Power Button as /devices/LNXSYSTM:00/LNXPWRBN:00/input/input0
[   42.126426] ACPI: Power Button [PWRF]
[   42.126482] input: Sleep Button as /devices/LNXSYSTM:00/LNXSLPBN:00/input/input1
[   42.126483] ACPI: Sleep Button [SLPF]
[   42.126602] GHES: HEST is not enabled!
[   42.126662] Serial: 8250/16550 driver, 32 ports, IRQ sharing enabled
[   42.368112] 00:02: ttyS0 at I/O 0x3f8 (irq = 4, base_baud = 115200) is a 16550A
[   42.447023] Linux agpgart interface v0.103
[   42.796784] loop: module loaded
[   42.797358] scsi host0: ata_piix
[   42.797403] scsi host1: ata_piix
[   42.797428] ata1: PATA max UDMA/33 cmd 0x1f0 ctl 0x3f6 bmdma 0xd000 irq 14
[   42.797429] ata2: PATA max UDMA/33 cmd 0x170 ctl 0x376 bmdma 0xd008 irq 15
[   42.797488] libphy: Fixed MDIO Bus: probed
[   42.797490] tun: Universal TUN/TAP device driver, 1.6
[   42.797491] tun: (C) 1999-2004 Max Krasnyansky <maxk@qualcomm.com>
[   42.797867] PPP generic driver version 2.4.2
[   42.797907] ehci_hcd: USB 2.0 'Enhanced' Host Controller (EHCI) Driver
[   42.797910] ehci-pci: EHCI PCI platform driver
[   42.797916] ehci-platform: EHCI generic platform driver
[   42.797922] ohci_hcd: USB 1.1 'Open' Host Controller (OHCI) Driver
[   42.797924] ohci-pci: OHCI PCI platform driver
[   42.797929] ohci-platform: OHCI generic platform driver
[   42.797934] uhci_hcd: USB Universal Host Controller Interface driver
[   42.797972] i8042: PNP: PS/2 Controller [PNP0303:PS2K,PNP0f03:PS2M] at 0x60,0x64 irq 1,12
[   42.798403] serio: i8042 KBD port at 0x60,0x64 irq 1
[   42.798406] serio: i8042 AUX port at 0x60,0x64 irq 12
[   42.798484] mousedev: PS/2 mouse device common for all mice
[   42.798763] input: AT Translated Set 2 keyboard as /devices/platform/i8042/serio0/input/input2
[   42.799035] rtc_cmos rtc_cmos: rtc core: registered rtc_cmos as rtc0
[   42.799080] rtc_cmos rtc_cmos: alarms up to one day, 114 bytes nvram
[   42.799085] i2c /dev entries driver
[   42.799122] device-mapper: uevent: version 1.0.3
[   42.799173] device-mapper: ioctl: 4.34.0-ioctl (2015-10-28) initialised: dm-devel@redhat.com
[   42.799217] ledtrig-cpu: registered to indicate activity on CPUs
[   42.799438] NET: Registered protocol family 10
[   42.799540] NET: Registered protocol family 17
[   42.799553] Key type dns_resolver registered
[   42.799762] registered taskstats version 1
[   42.799791] Loading compiled-in X.509 certificates
[   42.800355] Loaded X.509 cert 'Build time autogenerated kernel key: b3e0fe4bcd6378c38a2c0a4648abbc1fa5043a22'
[   42.800368] zswap: loaded using pool lzo/zbud
[   42.802037] Key type trusted registered
[   42.804516] Key type encrypted registered
[   42.804520] AppArmor: AppArmor sha1 policy hashing enabled
[   42.804523] ima: No TPM chip found, activating TPM-bypass!
[   42.804526] ima: Allocated hash algorithm: sha1
[   42.804538] evm: HMAC attrs: 0x1
[   42.804767]   Magic number: 10:977:963
[   42.989598] rtc_cmos rtc_cmos: setting system clock to 2018-07-19 01:58:41 UTC (1531965521)
[   42.989723] BIOS EDD facility v0.16 2004-Jun-25, 0 devices found
[   42.989723] EDD information not available.
[   54.656009] clocksource: tsc: mask: 0xffffffffffffffff max_cycles: 0x271b4cd9f42, max_idle_ns: 440795225215 ns
[   54.993490] Freeing unused kernel memory: 1516K
[   55.157752] Write protecting the kernel read-only data: 14336k
[   55.353004] Freeing unused kernel memory: 1680K
[   55.505297] Freeing unused kernel memory: 96K
Loading, please [   55.669351] random: systemd-udevd: uninitialized urandom read (16 bytes read, 7 bits of entropy available)
wait...
startin[   55.669877] random: udevadm: uninitialized urandom read (16 bytes read, 7 bits of entropy available)
g version 229
[   55.669894] random: udevadm: uninitialized urandom read (16 bytes read, 7 bits of entropy available)
[   55.679026] random: udevadm: uninitialized urandom read (16 bytes read, 7 bits of entropy available)
[   55.679070] random: udevadm: uninitialized urandom read (16 bytes read, 7 bits of entropy available)
[   55.679247] random: udevadm: uninitialized urandom read (16 bytes read, 7 bits of entropy available)
[   55.679302] random: udevadm: uninitialized urandom read (16 bytes read, 7 bits of entropy available)
[   55.679354] random: udevadm: uninitialized urandom read (16 bytes read, 7 bits of entropy available)
[   55.679405] random: udevadm: uninitialized urandom read (16 bytes read, 7 bits of entropy available)
[   55.679456] random: udevadm: uninitialized urandom read (16 bytes read, 7 bits of entropy available)
[   58.565430] Fusion MPT base driver 3.04.20
[   58.565653] e1000: Intel(R) PRO/1000 Network Driver - version 7.3.21-k8-NAPI
[   58.565654] e1000: Copyright (c) 1999-2006 Intel Corporation.
[   59.124066] Copyright (c) 1999-2008 LSI Corporation
[   59.291704] Fusion MPT SPI Host driver 3.04.20
[   59.446733] AVX version of gcm_enc/dec engaged.
[   59.572295] AES CTR mode by8 optimization enabled
[   59.813089] e1000 0000:00:03.0 eth0: (PCI:33MHz:32-bit) 02:b0:72:86:cc:22
[   60.044061] e1000 0000:00:03.0 eth0: Intel(R) PRO/1000 Network Connection
[   60.046357] input: ImExPS/2 Generic Explorer Mouse as /devices/platform/i8042/serio1/input/input4
[   60.566915] e1000 0000:00:03.0 enp0s3: renamed from eth0
[   60.744244] mptbase: ioc0: Initiating bringup
[   60.961583] ioc0: LSI53C1030 A0: Capabilities={Initiator}
[   61.296754] scsi host2: ioc0: LSI53C1030 A0, FwRev=00000000h, Ports=1, MaxQ=256, IRQ=20
[   61.702106] scsi 2:0:0:0: Direct-Access     VBOX     HARDDISK         1.0  PQ: 0 ANSI: 5
[   61.970820] scsi target2:0:0: Beginning Domain Validation
[   62.159216] scsi target2:0:0: Domain Validation skipping write tests
[   62.364574] scsi target2:0:0: Ending Domain Validation
[   62.543220] scsi target2:0:0: asynchronous
[   62.683555] scsi 2:0:1:0: Direct-Access     VBOX     HARDDISK         1.0  PQ: 0 ANSI: 5
[   62.962815] scsi target2:0:1: Beginning Domain Validation
[   63.133743] scsi target2:0:1: Domain Validation skipping write tests
[   63.348627] scsi target2:0:1: Ending Domain Validation
[   63.516209] scsi target2:0:1: asynchronous
[   63.662243] sd 2:0:0:0: [sda] 20971520 512-byte logical blocks: (10.7 GB/10.0 GiB)
[   63.662363] sd 2:0:0:0: Attached scsi generic sg0 type 0
[   63.662803] sd 2:0:1:0: [sdb] 20480 512-byte logical blocks: (10.5 MB/10.0 MiB)
[   63.662893] sd 2:0:1:0: [sdb] Write Protect is off
[   63.662956] sd 2:0:1:0: [sdb] Incomplete mode parameter data
[   63.662957] sd 2:0:1:0: [sdb] Assuming drive cache: write through
[   63.663701] sd 2:0:1:0: Attached scsi generic sg1 type 0
[   63.672838] sd 2:0:1:0: [sdb] Attached SCSI disk
[   65.272027] sd 2:0:0:0: [sda] Write Protect is off
[   65.431421] sd 2:0:0:0: [sda] Incomplete mode parameter data
[   65.617552] sd 2:0:0:0: [sda] Assuming drive cache: write through
[   65.820039]  sda: sda1
[   65.889013] sd 2:0:0:0: [sda] Attached SCSI disk
Begin: Loading e[   67.415136] md: linear personality registered for level -1
ssential drivers[   67.618897] md: multipath personality registered for level -4
 ... [   67.844632] md: raid0 personality registered for level 0
[   68.028415] md: raid1 personality registered for level 1
[   68.261226] raid6: sse2x1   gen()  8631 MB/s
[   68.465210] raid6: sse2x1   xor()  5310 MB/s
[   68.669197] raid6: sse2x2   gen() 10432 MB/s
[   68.877667] raid6: sse2x2   xor()  7141 MB/s
[   69.081685] raid6: sse2x4   gen() 11500 MB/s
[   69.277671] raid6: sse2x4   xor()  7989 MB/s
[   69.408991] raid6: using algorithm sse2x4 gen() 11500 MB/s
[   69.586046] raid6: .... xor() 7989 MB/s, rmw enabled
[   69.746034] raid6: using ssse3x2 recovery algorithm
[   69.905359] xor: automatically using best checksumming function:
[   70.153633]    avx       : 20833.000 MB/sec
[   70.293829] async_tx: api initialized (async)
[   70.438417] md: raid6 personality registered for level 6
[   70.613056] md: raid5 personality registered for level 5
[   70.786520] md: raid4 personality registered for level 4
[   70.958748] md: raid10 personality registered for level 10
done.
Begin: Running /scripts/i[   71.155030] Btrfs loaded
nit-premount ... done.
Begin: Mounting root fil[   71.290620] EXT4-fs (sda1): mounted filesystem with ordered data mode. Opts: (null)
e system ... Begin: Running /scripts/local-top ... done.
Begin: Running /scripts/local-premount ... Scanning for Btrfs filesystems
done.
Warning: fsck not present, so skipping root file system
done.
Begin: Running /scripts/local-bottom ... done.
Begin: Running /scripts/init-bottom ... done.
[   71.918062] random: nonblocking pool is initialized
[   72.269776] systemd[1]: systemd 229 running in system mode. (+PAM +AUDIT +SELINUX +IMA +APPARMOR +SMACK +SYSVINIT +UTMP +LIBCRYPTSETUP +GCRYPT +GNUTLS +ACL +XZ -LZ4 +SECCOMP +BLKID +ELFUTILS +KMOD -IDN)
[   72.782283] systemd[1]: Detected virtualization oracle.
[   72.951166] systemd[1]: Detected architecture x86-64.

Welcome to [1mUbuntu 16.04.4 LTS[0m!

[   73.193044] systemd[1]: Set hostname to <ubuntu-xenial>.
[   73.924793] systemd[1]: Started Trigger resolvconf update for networkd DNS.
[[0;32m  OK  [0m] Started Trigger resolvconf update for networkd DNS.
[   74.238718] systemd[1]: Created slice User and Session Slice.
[[0;32m  OK  [0m] Created slice User and Session Slice.
[   74.493899] systemd[1]: Listening on Journal Socket (/dev/log).
[[0;32m  OK  [0m] Listening on Journal Socket (/dev/log).
[   74.766248] systemd[1]: Set up automount Arbitrary Executable File Formats File System Automount Point.
[[0;32m  OK  [0m] Set up automount Arbitrary Executab...ats File System Automount Point.
[   75.214137] systemd[1]: Listening on Journal Socket.
[[0;32m  OK  [0m] Listening on Journal Socket.
[   75.449756] systemd[1]: Listening on udev Kernel Socket.
[[0;32m  OK  [0m] Listening on udev Kernel Socket.
[   75.686090] systemd[1]: Started Forward Password Requests to Wall Directory Watch.
[[0;32m  OK  [0m] Started Forward Password Requests to Wall Directory Watch.
[   76.041931] systemd[1]: Reached target System Time Synchronized.
[[0;32m  OK  [0m] Reached target System Time Synchronized.
[   76.322077] systemd[1]: Listening on /dev/initctl Compatibility Named Pipe.
[[0;32m  OK  [0m] Listening on /dev/initctl Compatibility Named Pipe.
[   76.630070] systemd[1]: Listening on LVM2 poll daemon socket.
[[0;32m  OK  [0m] Listening on LVM2 poll daemon socket.
[   76.905954] systemd[1]: Reached target Encrypted Volumes.
[[0;32m  OK  [0m] Reached target Encrypted Volumes.
[   77.174091] systemd[1]: Listening on Device-mapper event daemon FIFOs.
[[0;32m  OK  [0m] Listening on Device-mapper event daemon FIFOs.
[   77.489938] systemd[1]: Reached target User and Group Name Lookups.
[[0;32m  OK  [0m] Reached target User and Group Name Lookups.
[   77.789979] systemd[1]: Listening on Syslog Socket.
[[0;32m  OK  [0m] Listening on Syslog Socket.
[   78.022022] systemd[1]: Listening on udev Control Socket.
[[0;32m  OK  [0m] Listening on udev Control Socket.
[   78.285958] systemd[1]: Reached target Swap.
[[0;32m  OK  [0m] Reached target Swap.
[   78.478524] systemd[1]: Created slice System Slice.
[[0;32m  OK  [0m] Created slice System Slice.
[   78.725287] systemd[1]: Mounting POSIX Message Queue File System...
         Mounting POSIX Message Queue File System...
[   79.001883] systemd[1]: Starting Set console keymap...
         Starting Set console keymap...
[   79.237791] systemd[1]: Starting Load Kernel Modules...
         Starting Load Kernel Mo[   79.459126] Loading iSCSI transport class v2.0-870.
dules...
[   79.647490] iscsi: registered transport (tcp)
[   79.805298] systemd[1]: Mounting Debug File System...
         Mounting Debug File Sys[   79.993738] iscsi: registered transport (iser)
tem...
[   80.181774] systemd[1]: Mounting Huge Pages File System...
         Mounting Huge Pages File System...
[   80.449882] systemd[1]: Starting Create list of required static device nodes for the current kernel...
         Starting Create list of required st... nodes for the current kernel...
[   80.877872] systemd[1]: Starting Uncomplicated firewall...
         Starting Uncomplicated firewall...
[   81.141855] systemd[1]: Starting Remount Root and Kernel File Systems...
[   81.148128] EXT4-fs (sda1): re-mounted. Opts: (null)
         Starting Remount Root and Kernel File Systems...
[   81.621938] systemd[1]: Reached target Slices.
[[0;32m  OK  [0m] Reached target Slices.
[   81.846012] systemd[1]: Listening on Journal Audit Socket.
[[0;32m  OK  [0m] Listening on Journal Audit Socket.
[   82.113381] systemd[1]: Starting Journal Service...
         Starting Journal Service...
[   82.353352] systemd[1]: Starting Nameserver information manager...
         Starting Nameserver information manager...
[   82.653986] systemd[1]: Listening on LVM2 metadata daemon socket.
[[0;32m  OK  [0m] Listening on LVM2 metadata daemon socket.
[   82.957824] systemd[1]: Starting Monitoring of LVM2 mirrors, snapshots etc. using dmeventd or progress polling...
         Starting Monitoring of LVM2 mirrors... dmeventd or progress polling...
[   83.387273] systemd[1]: Created slice system-serial\x2dgetty.slice.
[[0;32m  OK  [0m] Created slice system-serial\x2dgetty.slice.
[   83.650556] systemd[1]: Mounted Debug File System.
[[0;32m  OK  [0m] Mounted Debug File System.
[   83.873798] systemd[1]: Mounted POSIX Message Queue File System.
[[0;32m  OK  [0m] Mounted POSIX Message Queue File System.
[   84.137819] systemd[1]: Mounted Huge Pages File System.
[[0;32m  OK  [0m] Mounted Huge Pages File System.
[   84.393913] systemd[1]: Started Journal Service.
[[0;32m  OK  [0m] Started Journal Service.
[[0;32m  OK  [0m] Started Set console keymap.
[[0;32m  OK  [0m] Started Load Kernel Modules.
[[0;32m  OK  [0m] Started Create list of required sta...ce nodes for the current kernel.
[[0;32m  OK  [0m] Started Uncomplicated firewall.
[[0;32m  OK  [0m] Started Remount Root and Kernel File Systems.
[[0;32m  OK  [0m] Started Nameserver information manager.
[[0;32m  OK  [0m] Started LVM2 metadata daemon.
         Starting udev Coldplug all Devices...
         Starting Load/Save Random Seed...
         Starting Create Static Device Nodes in /dev...
         Mounting FUSE Control File System...
         Starting Apply Kernel Variables...
         Starting Flush Journal to Persistent Storage...
[[0;32m  OK  [0m] Mounted FUSE Control File System.
[[0;32m  OK  [0m] Started Monitoring of LVM2 mirrors,...ng dmeventd or progress polling.
[[0;32m  OK  [0m] Started Load/Save Random Seed.
[[0;32m  OK  [0m] Started Create Static Device Nodes in /dev.
[[0;32m  OK  [0m] Started Apply Kernel Variables.
[[0;32m  OK  [0m] Started udev Coldplug all Devices.
         Starting udev Kernel Device Manager...
[[0;32m  OK  [0m] Started Flush Journal to Persistent Storage.
[[0;32m  OK  [0m] Started udev Kernel Device Manager.
[[0;32m  OK  [0m] Found device /dev/ttyS0.
[[0;32m  OK  [0m] Reached target Local File Systems (Pre).
[[0;32m  OK  [0m] Reached target Local File Systems.
         Starting LSB: AppArmor initialization...
         Starting Tell Plymouth To Write Out Runtime Data...
         Starting Initial cloud-init job (pre-networking)...
         Starting Set console font and keymap...
[[0;32m  OK  [0m] Started Dispatch Password Requests to Console Directory Watch.
         Starting Create Volatile Files and Directories...
[[0;32m  OK  [0m] Started Tell Plymouth To Write Out Runtime Data.
[[0;32m  OK  [0m] Started Create Volatile Files and Directories.
[[0;32m  OK  [0m] Listening on Load/Save RF Kill Switch Status /dev/rfkill Watch.
         Starting Update UTMP about System Boot/Shutdown...
[[0;32m  OK  [0m] Started Set console font and keymap.
[[0;32m  OK  [0m] Created slice system-getty.slice.
[[0;32m  OK  [0m] Started Update UTMP about System Boot/Shutdown.
[[0;32m  OK  [0m] Started LSB: AppArmor initialization.
[   52.504914] cloud-init[550]: Cloud-init v. 18.2 running 'init-local' at Thu, 19 Jul 2018 01:59:27 +0000. Up 52.12 seconds.
[[0;32m  OK  [0m] Started Initial cloud-init job (pre-networking).
[[0;32m  OK  [0m] Reached target Network (Pre).
         Starting Raise network interfaces...
[[0;32m  OK  [0m] Started ifup for enp0s3.
[[0;32m  OK  [0m] Started Raise network interfaces.
[[0;32m  OK  [0m] Reached target Network.
         Starting Initial cloud-init job (metadata service crawler)...
[   54.055952] cloud-init[995]: Cloud-init v. 18.2 running 'init' at Thu, 19 Jul 2018 01:59:29 +0000. Up 53.57 seconds.
[   54.221009] [cloud-init[0;32m  OK  [0m[995]: ] ci-info: +++++++++++++++++++++++++++++++++++++Net device info++++++++++++++++++++++++++++++++++++++Started Initial cloud-init job (metadata service crawler).

[   54.221756] cloud-init[995]: ci-info: +--------+------+----------------------------+---------------+-------+-------------------+
[   54.664416] [cloud-init[0;32m  OK  [0m[995]: ] ci-info: | Device |  Up  |          Address           |      Mask     | Scope |     Hw-Address    |Reached target System Initialization.

[   54.665147] [cloud-init[0;32m  OK  [0m[995]: ] ci-info: +--------+------+----------------------------+---------------+-------+-------------------+Started Daily Cleanup of Temporary Directories.

[[0;32m  OK  [0m] Listening on UUID daemon activation socket.
[   54.873508] cloud-init[995]: ci-info: | enp0s3 | True |         10.0.2.15          | 255.255.255.0 |   .   | 02:b0:72:86:cc:22 |
         Starting Socket activation for snappy daemon.
[   55.436799]          cloud-initStarting LXD - unix socket.[995]: 
ci-info: | enp0s3 | True | fe80::b0:72ff:fe86:cc22/64 |       .       |  link | 02:b0:72:86:cc:22 |
[   55.661348] [cloud-init[0;32m  OK  [0m[995]: ] ci-info: |   lo   | True |         127.0.0.1          |   255.0.0.0   |   .   |         .         |Started ACPI Events Check.

[   55.662090] [cloud-init[0;32m  OK  [0m[995]: ] ci-info: |   lo   | True |          ::1/128           |       .       |  host |         .         |Reached target Paths.

[   56.086370] [cloud-init[0;32m  OK  [0m[995]: ] ci-info: +--------+------+----------------------------+---------------+-------+-------------------+Started Daily apt download activities.

[[0;32m  OK  [0m] Started Daily apt upgrade and clean activities.
[[0;32m  OK  [0m] Reached target Timers.
[   56.087148] cloud-init[995]: ci-info: +++++++++++++++++++++++++++Route IPv4 info++++++++++++++++++++++++++++
[   56.612821] [cloud-init[0;32m  OK  [0m[995]: ] ci-info: +-------+-------------+----------+---------------+-----------+-------+Listening on ACPID Listen Socket.

[   56.613560] [cloud-init[0;32m  OK  [0m[995]: ] ci-info: | Route | Destination | Gateway  |    Genmask    | Interface | Flags |Listening on D-Bus System Message Bus Socket.

[   56.813560] [cloud-init[0;32m  OK  [0m[995]: ] ci-info: +-------+-------------+----------+---------------+-----------+-------+Reached target Cloud-config availability.

[   57.280948] [cloud-init[0;32m  OK  [0m[995]: ] ci-info: |   0   |   0.0.0.0   | 10.0.2.2 |    0.0.0.0    |   enp0s3  |   UG  |Reached target Network is Online.

[   57.281659] cloud-init[995]: ci-info: |   1   |   10.0.2.0  | 0.0.0.0  | 255.255.255.0 |   enp0s3  |   U   |
[   57.604737]          cloud-initStarting iSCSI initiator daemon (iscsid)...[995]: 
ci-info: +-------+-------------+----------+---------------+-----------+-------+
[[0;32m  OK  [0m] Listening on Socket activation for snappy daemon.
[[0;32m  OK  [0m] Listening on LXD - unix socket.
[[0;32m  OK  [0m] Reached target Sockets.
[[0;32m  OK  [0m] Reached target Basic System.
[[0;32m  OK  [0m] Started FUSE filesystem for LXC.
[[0;32m  OK  [0m] Started D-Bus System Message Bus.
         Starting LXD - container startup/shutdown...
         Starting /etc/rc.local Compatibility...
[[0;32m  OK  [0m] Started Deferred execution scheduler.
[[0;32m  OK  [0m] Started Unattended Upgrades Shutdown.
         Starting OpenBSD Secure Shell server...
[[0;32m  OK  [0m] Started ACPI event daemon.
         Starting LSB: MD monitoring daemon...
         Starting Login Service...
         Starting LSB: Record successful boot for GRUB...
         Starting Accounts Service...
         Starting System Logging Service...
         Starting Virtualbox guest utils...
[[0;32m  OK  [0m] Started Regular background program processing daemon.
         Starting Apply the settings specified in cloud-config...
         Starting Snappy daemon...
[[0;32m  OK  [0m] Started OpenBSD Secure Shell server.
[[0;32m  OK  [0m] Started System Logging Service.
[[0;32m  OK  [0m] Started iSCSI initiator daemon (iscsid).
[[0;32m  OK  [0m] Started LXD - container startup/shutdown.
[[0;32m  OK  [0m] Started /etc/rc.local Compatibility.
[[0;32m  OK  [0m] Started Apply the settings specified in cloud-config.
[[0;32m  OK  [0m] Started Snappy daemon.
[   59.601528] cloud-init[1106]: Cloud-init v. 18.2 running 'modules:config' at Thu, 19 Jul 2018 01:59:34 +0000. Up 59.41 seconds.
[[0;32m  OK  [0m] Started Login Service.
[[0;32m  OK  [0m] Started LSB: MD monitoring daemon.
[[0;32m  OK  [0m] Started LSB: Record successful boot for GRUB.
[[0;32m  OK  [0m] Started Virtualbox guest utils.
         Starting Authenticate and Authorize Users to Run Privileged Tasks...
         Starting Wait until snapd is fully seeded...
         Starting Login to default iSCSI targets...
[[0;32m  OK  [0m] Started Wait until snapd is fully seeded.
[[0;32m  OK  [0m] Started Authenticate and Authorize Users to Run Privileged Tasks.
[[0;32m  OK  [0m] Started Accounts Service.
[[0;32m  OK  [0m] Started Login to default iSCSI targets.
[[0;32m  OK  [0m] Reached target Remote File Systems (Pre).
[[0;32m  OK  [0m] Reached target Remote File Systems.
         Starting LSB: Set the CPU Frequency Scaling governor to "ondemand"...
         Starting LSB: automatic crash report generation...
         Starting LSB: daemon to balance interrupts for SMP systems...
         Starting Permit User Sessions...
[[0;32m  OK  [0m] Started Permit User Sessions.
[[0;32m  OK  [0m] Started LSB: Set the CPU Frequency Scaling governor to "ondemand".
         Starting Terminate Plymouth Boot Screen...
         Starting Hold until boot process finishes up...
[[0;32m  OK  [0m] Started LSB: automatic crash report generation.
[[0;32m  OK  [0m] Started LSB: daemon to balance interrupts for SMP systems.
[[0;32m  OK  [0m] Started Terminate Plymouth Boot Screen.
[[0;32m  OK  [0m] Started Hold until boot process finishes up.
[[0;32m  OK  [0m] Started Serial Getty on ttyS0.
         Starting Set console scheme...
[[0;32m  OK  [0m] Started Getty on tty1.
[[0;32m  OK  [0m] Reached target Login Prompts.
[[0;32m  OK  [0m] Reached target Multi-User System.
         Starting Execute cloud user/final scripts...
[[0;32m  OK  [0m] Reached target Graphical Interface.
         Starting Update UTMP about System Runlevel Changes...
[[0;32m  OK  [0m] Started Set console scheme.
[[0;32m  OK  [0m] Started Update UTMP about System Runlevel Changes.
[   62.913451] cloud-init[1230]: Cloud-init v. 18.2 running 'modules:final' at Thu, 19 Jul 2018 01:59:38 +0000. Up 62.76 seconds.
[   63.128789] [cloud-init[0;32m  OK  [0m[1230]: ] Cloud-init v. 18.2 finished at Thu, 19 Jul 2018 01:59:38 +0000. Datasource DataSourceNoCloud [seed=/dev/sdb][dsmode=net].  Up 62.90 secondsStarted Execute cloud user/final scripts.

[[0;32m  OK  [0m] Reached target Cloud-init target.
[[0;32m  OK  [0m] Created slice User Slice of vagrant.
         Starting User Manager for UID 1000...
[[0;32m  OK  [0m] Started Session 1 of user vagrant.
[[0;32m  OK  [0m] Started User Manager for UID 1000.

Ubuntu 16.04.4 LTS ubuntu-xenial ttyS0

ubuntu-xenial login: 